<?xml version="1.0" encoding="UTF-8"?>
<!-- Generated by org.testng.reporters.JUnitReportReporter -->
<testsuite name="com.ibm.ipa.Tests.TC008_MinorNRI" tests="1" time="405.884" ignored="0" failures="0" timestamp="28 May 2018 04:40:08 GMT" skipped="0" hostname="BSLITHNCSD018" errors="0">
  <testcase name="TC_001" time="405.884" classname="com.ibm.ipa.Tests.TC008_MinorNRI"/>
</testsuite> <!-- com.ibm.ipa.Tests.TC008_MinorNRI -->
