<?xml version="1.0" encoding="UTF-8"?>
<!-- Generated by org.testng.reporters.JUnitReportReporter -->
<testsuite name="com.ibm.ipa.Tests.TC001_Business_HUF" tests="1" time="425.666" ignored="0" failures="0" timestamp="04 May 2018 06:03:20 GMT" skipped="0" hostname="BSLITHNITD058" errors="0">
  <testcase name="TC_001" time="425.666" classname="com.ibm.ipa.Tests.TC001_Business_HUF"/>
</testsuite> <!-- com.ibm.ipa.Tests.TC001_Business_HUF -->
