<?xml version="1.0" encoding="UTF-8"?>
<!-- Generated by org.testng.reporters.JUnitReportReporter -->
<testsuite name="com.ibm.ipa.Tests.TC001_MWP" tests="1" time="404.763" ignored="0" failures="0" timestamp="11 Apr 2018 05:06:19 GMT" skipped="0" hostname="BSLITHNITD058" errors="0">
  <testcase name="TC_001" time="404.763" classname="com.ibm.ipa.Tests.TC001_MWP"/>
</testsuite> <!-- com.ibm.ipa.Tests.TC001_MWP -->
