<?xml version="1.0" encoding="UTF-8"?>
<!-- Generated by org.testng.reporters.JUnitReportReporter -->
<testsuite ignored="0" hostname="DESKTOP-JU4G1BO" failures="0" tests="1" name="com.Tests.URL_Check" time="30.614" errors="0" timestamp="05 Sep 2020 17:23:16 GMT" skipped="0">
  <testcase classname="com.Tests.URL_Check" name="TC_001" time="30.614"/>
</testsuite> <!-- com.Tests.URL_Check -->
