<?xml version="1.0" encoding="UTF-8"?>
<!-- Generated by org.testng.reporters.JUnitReportReporter -->
<testsuite name="com.ibm.ipa.Tests.TC001_LI_ProposerDifferentNRI" tests="1" time="289.348" ignored="0" failures="0" timestamp="17 Apr 2018 10:33:34 GMT" skipped="0" hostname="BSLITHNITD058" errors="0">
  <testcase name="TC_001" time="289.348" classname="com.ibm.ipa.Tests.TC001_LI_ProposerDifferentNRI"/>
</testsuite> <!-- com.ibm.ipa.Tests.TC001_LI_ProposerDifferentNRI -->
