<?xml version="1.0" encoding="UTF-8"?>
<!-- Generated by org.testng.reporters.JUnitReportReporter -->
<testsuite name="com.ibm.ipa.Tests.TC001_Business_Employer_Emp" tests="1" time="216.596" ignored="0" failures="0" timestamp="11 Apr 2018 07:11:08 GMT" skipped="0" hostname="BSLITHNITD058" errors="0">
  <testcase name="TC_001" time="216.596" classname="com.ibm.ipa.Tests.TC001_Business_Employer_Emp"/>
</testsuite> <!-- com.ibm.ipa.Tests.TC001_Business_Employer_Emp -->
