<?xml version="1.0" encoding="UTF-8"?>
<!-- Generated by org.testng.reporters.JUnitReportReporter -->
<testsuite name="com.ibm.ipa.Tests.TC001_H0_HealthCriti" tests="1" time="447.205" ignored="0" failures="0" timestamp="16 May 2018 07:34:43 GMT" skipped="0" hostname="BSLITHNCSD018" errors="0">
  <testcase name="TC_001" time="447.205" classname="com.ibm.ipa.Tests.TC001_H0_HealthCriti"/>
</testsuite> <!-- com.ibm.ipa.Tests.TC001_H0_HealthCriti -->
