<?xml version="1.0" encoding="UTF-8"?>
<!-- Generated by org.testng.reporters.JUnitReportReporter -->
<testsuite ignored="0" hostname="LAPTOP-5I25GCH8" failures="0" tests="1" name="com.ipa.Tests.URL_Check" time="19.102" errors="0" timestamp="28 Jun 2019 05:50:36 GMT" skipped="0">
  <testcase classname="com.ipa.Tests.URL_Check" name="TC_001" time="19.102"/>
</testsuite> <!-- com.ipa.Tests.URL_Check -->
