<?xml version="1.0" encoding="UTF-8"?>
<!-- Generated by org.testng.reporters.JUnitReportReporter -->
<testsuite ignored="0" hostname="DESKTOP-JU4G1BO" failures="0" tests="1" name="com.Tests.Marketing_app" time="1117.220" errors="0" timestamp="07 Dec 2020 15:02:51 GMT" skipped="0">
  <testcase classname="com.Tests.Marketing_app" name="TC_001" time="1117.220"/>
</testsuite> <!-- com.Tests.Marketing_app -->
