<?xml version="1.0" encoding="UTF-8"?>
<!-- Generated by org.testng.reporters.JUnitReportReporter -->
<testsuite ignored="0" hostname="DESKTOP-JU4G1BO" failures="0" tests="1" name="com.Utilities.Create_TestNGXML" time="199.811" errors="0" timestamp="10 Dec 2020 14:16:25 GMT" skipped="0">
  <testcase classname="com.Utilities.Create_TestNGXML" name="createXMLfile" time="199.811"/>
</testsuite> <!-- com.Utilities.Create_TestNGXML -->
