<?xml version="1.0" encoding="UTF-8"?>
<!-- Generated by org.testng.reporters.JUnitReportReporter -->
<testsuite name="com.ibm.ipa.Tests.TC001_MajorSame_H2Login" tests="1" time="164.507" ignored="0" failures="0" timestamp="22 May 2018 05:07:08 GMT" skipped="0" hostname="BSLITHNCSD018" errors="0">
  <testcase name="TC_001" time="164.507" classname="com.ibm.ipa.Tests.TC001_MajorSame_H2Login"/>
</testsuite> <!-- com.ibm.ipa.Tests.TC001_MajorSame_H2Login -->
