<?xml version="1.0" encoding="UTF-8"?>
<!-- Generated by org.testng.reporters.JUnitReportReporter -->
<testsuite name="com.ibm.ipa.Tests.TC001_MinorWOP" tests="1" time="666.821" ignored="0" failures="0" timestamp="17 Apr 2018 11:53:36 GMT" skipped="0" hostname="BSLITHNITD058" errors="0">
  <testcase name="TC_001" time="666.821" classname="com.ibm.ipa.Tests.TC001_MinorWOP"/>
</testsuite> <!-- com.ibm.ipa.Tests.TC001_MinorWOP -->
