<?xml version="1.0" encoding="UTF-8"?>
<!-- Generated by org.testng.reporters.JUnitReportReporter -->
<testsuite name="com.ibm.ipa.Tests.TestCase_InsuredSame" tests="1" time="111.496" ignored="0" failures="0" timestamp="21 Mar 2018 04:56:58 GMT" skipped="0" hostname="BSLITHNITD042" errors="0">
  <testcase name="TC_001" time="111.496" classname="com.ibm.ipa.Tests.TestCase_InsuredSame"/>
</testsuite> <!-- com.ibm.ipa.Tests.TestCase_InsuredSame -->
