<?xml version="1.0" encoding="UTF-8"?>
<!-- Generated by org.testng.reporters.JUnitReportReporter -->
<testsuite ignored="0" hostname="DESKTOP-JU4G1BO" failures="0" tests="1" name="com.Tests.CLI" time="81.782" errors="0" timestamp="10 Dec 2020 14:16:25 GMT" skipped="0">
  <testcase classname="com.Tests.CLI" name="TC_001" time="81.782"/>
</testsuite> <!-- com.Tests.CLI -->
