<?xml version="1.0" encoding="UTF-8"?>
<!-- Generated by org.testng.reporters.JUnitReportReporter -->
<testsuite ignored="0" hostname="LAPTOP-5I25GCH8" failures="0" tests="1" name="com.ipa.Tests.Admin" time="8.923" errors="0" timestamp="21 Jun 2019 06:57:07 GMT" skipped="0">
  <testcase classname="com.ipa.Tests.Admin" name="TC_001" time="8.923"/>
</testsuite> <!-- com.ipa.Tests.Admin -->
