<?xml version="1.0" encoding="UTF-8"?>
<!-- Generated by org.testng.reporters.JUnitReportReporter -->
<testsuite name="com.ibm.ipa.Tests.TestCase_002" tests="1" time="5.435" ignored="0" failures="0" timestamp="18 Jan 2018 08:56:23 GMT" skipped="0" hostname="ADMINIB-DC79CUS" errors="0">
  <testcase name="TC_001" time="5.435" classname="com.ibm.ipa.Tests.TestCase_002"/>
</testsuite> <!-- com.ibm.ipa.Tests.TestCase_002 -->
