<?xml version="1.0" encoding="UTF-8"?>
<!-- Generated by org.testng.reporters.JUnitReportReporter -->
<testsuite name="com.ibm.ipa.Tests.TC001_Minor" tests="1" time="316.763" ignored="0" failures="0" timestamp="16 Apr 2018 07:43:57 GMT" skipped="0" hostname="BSLITHNITD058" errors="0">
  <testcase name="TC_001" time="316.763" classname="com.ibm.ipa.Tests.TC001_Minor"/>
</testsuite> <!-- com.ibm.ipa.Tests.TC001_Minor -->
