<?xml version="1.0" encoding="UTF-8"?>
<!-- Generated by org.testng.reporters.JUnitReportReporter -->
<testsuite name="com.ibm.ipa.Tests.TC007_Same_Partnership" tests="1" time="314.498" ignored="0" failures="0" timestamp="11 Apr 2018 08:44:46 GMT" skipped="0" hostname="BSLITHNITD058" errors="0">
  <testcase name="TC_001" time="314.498" classname="com.ibm.ipa.Tests.TC007_Same_Partnership"/>
</testsuite> <!-- com.ibm.ipa.Tests.TC007_Same_Partnership -->
