<?xml version="1.0" encoding="UTF-8"?>
<!-- Generated by org.testng.reporters.JUnitReportReporter -->
<testsuite name="com.ibm.ipa.Tests.TC004_SameMedical" tests="1" time="763.830" ignored="0" failures="0" timestamp="28 Mar 2018 10:20:01 GMT" skipped="0" hostname="BSLITHNITD058" errors="0">
  <testcase name="TC_001" time="763.830" classname="com.ibm.ipa.Tests.TC004_SameMedical"/>
</testsuite> <!-- com.ibm.ipa.Tests.TC004_SameMedical -->
