<?xml version="1.0" encoding="UTF-8"?>
<!-- Generated by org.testng.reporters.JUnitReportReporter -->
<testsuite name="com.ibm.ipa.Tests.TC005_SameULIP" tests="1" time="321.800" ignored="0" failures="0" timestamp="09 Apr 2018 06:13:34 GMT" skipped="0" hostname="BSLITHNITD058" errors="0">
  <testcase name="TC_001" time="321.800" classname="com.ibm.ipa.Tests.TC005_SameULIP"/>
</testsuite> <!-- com.ibm.ipa.Tests.TC005_SameULIP -->
