<?xml version="1.0" encoding="UTF-8"?>
<!-- Generated by org.testng.reporters.JUnitReportReporter -->
<testsuite hostname="DESKTOP-JU4G1BO" failures="0" tests="1" name="com.Tests.CLI" time="38.364" errors="0" timestamp="2021-02-10T01:41:07 IST" skipped="0">
  <testcase classname="com.Tests.CLI" name="TC_001" time="38.364"/>
</testsuite> <!-- com.Tests.CLI -->
