<?xml version="1.0" encoding="UTF-8"?>
<!-- Generated by org.testng.reporters.JUnitReportReporter -->
<testsuite name="com.ibm.ipa.Tests.TC001_H7_LI_Proposer_Same" tests="1" time="56.736" ignored="0" failures="0" timestamp="28 May 2018 08:23:58 GMT" skipped="0" hostname="BSLITHNCSD018" errors="0">
  <testcase name="TC_001" time="56.736" classname="com.ibm.ipa.Tests.TC001_H7_LI_Proposer_Same"/>
</testsuite> <!-- com.ibm.ipa.Tests.TC001_H7_LI_Proposer_Same -->
