<?xml version="1.0" encoding="UTF-8"?>
<!-- Generated by org.testng.reporters.JUnitReportReporter -->
<testsuite ignored="0" hostname="DESKTOP-JU4G1BO" failures="0" tests="1" name="com.bsc.Tests.Free_trial" time="240.766" errors="0" timestamp="03 Feb 2021 09:28:21 GMT" skipped="0">
  <testcase classname="com.bsc.Tests.Free_trial" name="TC_001" time="240.766"/>
</testsuite> <!-- com.bsc.Tests.Free_trial -->
