<?xml version="1.0" encoding="UTF-8"?>
<!-- Generated by org.testng.reporters.JUnitReportReporter -->
<testsuite hostname="DESKTOP-JU4G1BO" failures="0" tests="1" name="com.Utilities.Create_TestNGXML" time="96.837" errors="0" timestamp="2021-02-10T01:41:07 IST" skipped="0">
  <testcase classname="com.Utilities.Create_TestNGXML" name="createXMLfile" time="96.837"/>
</testsuite> <!-- com.Utilities.Create_TestNGXML -->
