<?xml version="1.0" encoding="UTF-8"?>
<!-- Generated by org.testng.reporters.JUnitReportReporter -->
<testsuite name="com.ibm.ipa.Tests.TC001_MajorSame_HOLogin" tests="1" time="291.973" ignored="0" failures="0" timestamp="21 May 2018 10:28:41 GMT" skipped="0" hostname="BSLITHNCSD018" errors="0">
  <testcase name="TC_001" time="291.973" classname="com.ibm.ipa.Tests.TC001_MajorSame_HOLogin"/>
</testsuite> <!-- com.ibm.ipa.Tests.TC001_MajorSame_HOLogin -->
