<?xml version="1.0" encoding="UTF-8"?>
<!-- Generated by org.testng.reporters.JUnitReportReporter -->
<testsuite name="com.ibm.ipa.Tests.TC008_LI_ProposerDifferent" tests="1" time="95.432" ignored="0" failures="0" timestamp="20 Apr 2018 12:52:32 GMT" skipped="0" hostname="BSLITHNITD058" errors="0">
  <testcase name="TC_001" time="95.432" classname="com.ibm.ipa.Tests.TC008_LI_ProposerDifferent"/>
</testsuite> <!-- com.ibm.ipa.Tests.TC008_LI_ProposerDifferent -->
