<?xml version="1.0" encoding="UTF-8"?>
<!-- Generated by org.testng.reporters.JUnitReportReporter -->
<testsuite name="com.ibm.ipa.Tests.TC001_HO_HealthCancerDifferent" tests="1" time="231.216" ignored="0" failures="0" timestamp="14 May 2018 08:02:03 GMT" skipped="0" hostname="BSLITHNCSD018" errors="0">
  <testcase name="TC_001" time="231.216" classname="com.ibm.ipa.Tests.TC001_HO_HealthCancerDifferent"/>
</testsuite> <!-- com.ibm.ipa.Tests.TC001_HO_HealthCancerDifferent -->
