<?xml version="1.0" encoding="UTF-8"?>
<!-- Generated by org.testng.reporters.JUnitReportReporter -->
<testsuite ignored="0" hostname="DESKTOP-JU4G1BO" failures="0" tests="1" name="com.bsc.Utilities.Create_TestNGXML" time="262.056" errors="0" timestamp="03 Feb 2021 09:28:23 GMT" skipped="0">
  <testcase classname="com.bsc.Utilities.Create_TestNGXML" name="createXMLfile" time="262.056"/>
</testsuite> <!-- com.bsc.Utilities.Create_TestNGXML -->
