<?xml version="1.0" encoding="UTF-8"?>
<!-- Generated by org.testng.reporters.JUnitReportReporter -->
<testsuite name="com.ibm.ipa.Tests.TC001_Addons" tests="1" time="540.666" ignored="0" failures="0" timestamp="17 Apr 2018 06:26:55 GMT" skipped="0" hostname="BSLITHNITD058" errors="0">
  <testcase name="TC_001" time="540.666" classname="com.ibm.ipa.Tests.TC001_Addons"/>
</testsuite> <!-- com.ibm.ipa.Tests.TC001_Addons -->
