<?xml version="1.0" encoding="UTF-8"?>
<!-- Generated by org.testng.reporters.JUnitReportReporter -->
<testsuite ignored="0" hostname="DESKTOP-JU4G1BO" failures="0" tests="1" name="com.bsc.Tests.Marketing_app" time="107.820" errors="0" timestamp="05 Sep 2020 20:39:40 GMT" skipped="0">
  <testcase classname="com.bsc.Tests.Marketing_app" name="TC_001" time="107.820"/>
</testsuite> <!-- com.bsc.Tests.Marketing_app -->
