<?xml version="1.0" encoding="UTF-8"?>
<!-- Generated by org.testng.reporters.JUnitReportReporter -->
<testsuite name="com.ibm.ipa.Tests.TC001_HO_HealthCancer" tests="1" time="260.159" ignored="0" failures="0" timestamp="10 May 2018 05:27:58 GMT" skipped="0" hostname="BSLITHNITD058" errors="0">
  <testcase name="TC_001" time="260.159" classname="com.ibm.ipa.Tests.TC001_HO_HealthCancer"/>
</testsuite> <!-- com.ibm.ipa.Tests.TC001_HO_HealthCancer -->
