<?xml version="1.0" encoding="UTF-8"?>
<!-- Generated by org.testng.reporters.JUnitReportReporter -->
<testsuite hostname="DESKTOP-JU4G1BO" failures="0" tests="1" name="cli.Tests.CLI" time="1.446" errors="0" timestamp="2021-04-07T20:34:31 IST" skipped="0">
  <testcase classname="cli.Tests.CLI" name="TC_001" time="1.446"/>
</testsuite> <!-- cli.Tests.CLI -->
