<?xml version="1.0" encoding="UTF-8"?>
<!-- Generated by org.testng.reporters.JUnitReportReporter -->
<testsuite name="com.ibm.ipa.Tests.TC001_HO_LI_ProposerDiff" tests="1" time="721.274" ignored="0" failures="0" timestamp="27 Apr 2018 05:28:37 GMT" skipped="0" hostname="BSLITHNITD058" errors="0">
  <testcase name="TC_001" time="721.274" classname="com.ibm.ipa.Tests.TC001_HO_LI_ProposerDiff"/>
</testsuite> <!-- com.ibm.ipa.Tests.TC001_HO_LI_ProposerDiff -->
