<?xml version="1.0" encoding="UTF-8"?>
<!-- Generated by org.testng.reporters.JUnitReportReporter -->
<testsuite name="com.ibm.ipa.Tests.TC001_JointLife" tests="1" time="501.119" ignored="0" failures="0" timestamp="17 May 2018 14:14:31 GMT" skipped="0" hostname="BSLITHNCSD018" errors="0">
  <testcase name="TC_001" time="501.119" classname="com.ibm.ipa.Tests.TC001_JointLife"/>
</testsuite> <!-- com.ibm.ipa.Tests.TC001_JointLife -->
