<?xml version="1.0" encoding="UTF-8"?>
<!-- Generated by org.testng.reporters.JUnitReportReporter -->
<testsuite name="com.ibm.ipa.Tests.TC002_RetirementSolution" tests="1" time="59.015" ignored="0" failures="0" timestamp="28 Mar 2018 06:37:38 GMT" skipped="0" hostname="BSLITHNITD058" errors="0">
  <testcase name="TC_001" time="59.015" classname="com.ibm.ipa.Tests.TC002_RetirementSolution"/>
</testsuite> <!-- com.ibm.ipa.Tests.TC002_RetirementSolution -->
