<?xml version="1.0" encoding="UTF-8"?>
<!-- Generated by org.testng.reporters.JUnitReportReporter -->
<testsuite name="com.ibm.ipa.Tests.TC001_InsuredSame" tests="1" time="265.934" ignored="0" failures="0" timestamp="02 May 2018 11:21:46 GMT" skipped="0" hostname="BSLITHNITD058" errors="0">
  <testcase name="TC_001" time="265.934" classname="com.ibm.ipa.Tests.TC001_InsuredSame"/>
</testsuite> <!-- com.ibm.ipa.Tests.TC001_InsuredSame -->
