<?xml version="1.0" encoding="UTF-8"?>
<!-- Generated by org.testng.reporters.JUnitReportReporter -->
<testsuite name="com.ibm.ipa.Tests.TC005_SameNRI" tests="1" time="1666.302" ignored="0" failures="0" timestamp="04 Apr 2018 14:13:19 GMT" skipped="0" hostname="BSLITHNITD058" errors="0">
  <testcase name="TC_001" time="1666.302" classname="com.ibm.ipa.Tests.TC005_SameNRI"/>
</testsuite> <!-- com.ibm.ipa.Tests.TC005_SameNRI -->
