<?xml version="1.0" encoding="UTF-8"?>
<!-- Generated by org.testng.reporters.JUnitReportReporter -->
<testsuite name="com.ibm.ipa.Utilities.Create_TestNGXML" tests="1" time="89.713" ignored="0" failures="0" timestamp="28 May 2018 08:23:59 GMT" skipped="0" hostname="BSLITHNCSD018" errors="0">
  <testcase name="createXMLfile" time="89.713" classname="com.ibm.ipa.Utilities.Create_TestNGXML"/>
</testsuite> <!-- com.ibm.ipa.Utilities.Create_TestNGXML -->
