<?xml version="1.0" encoding="UTF-8"?>
<!-- Generated by org.testng.reporters.JUnitReportReporter -->
<testsuite ignored="0" hostname="LAPTOP-5I25GCH8" failures="0" tests="1" name="com.bsc.ipa.Utilities.Create_TestNGXML" time="114.028" errors="0" timestamp="28 Jun 2019 05:50:36 GMT" skipped="0">
  <testcase classname="com.bsc.ipa.Utilities.Create_TestNGXML" name="createXMLfile" time="114.028"/>
</testsuite> <!-- com.bsc.ipa.Utilities.Create_TestNGXML -->
