<?xml version="1.0" encoding="UTF-8"?>
<!-- Generated by org.testng.reporters.JUnitReportReporter -->
<testsuite hostname="DESKTOP-JU4G1BO" failures="0" tests="1" name="cli.Utilities.Create_TestNGXML" time="52.914" errors="0" timestamp="2021-04-07T20:34:32 IST" skipped="0">
  <testcase classname="cli.Utilities.Create_TestNGXML" name="createXMLfile" time="52.914"/>
</testsuite> <!-- cli.Utilities.Create_TestNGXML -->
